[2025-06-18 00:13:05] [32minfo[39m: 🔄 Connecting to MongoDB...
[2025-06-18 00:14:25] [32minfo[39m: 🔄 Connecting to MongoDB...
[2025-06-18 00:16:33] [32minfo[39m: 🔄 Connecting to MongoDB...
[2025-06-18 00:18:12] [32minfo[39m: 🔄 Connecting to MongoDB...
[2025-06-18 00:18:20] [32minfo[39m: 🔄 Connecting to MongoDB...
[2025-06-18 01:42:09] [32minfo[39m: 🔄 Connecting to MongoDB...
[2025-06-18 01:42:09] [32minfo[39m: MONGO_URI: mongodb://localhost:27017/?connectTimeoutMS=5000
[2025-06-18 01:42:09] [32minfo[39m: 🔄 Connecting to MongoDB...
[2025-06-18 01:42:09] [32minfo[39m: 🔄 Connecting to MongoDB...
[2025-06-18 01:42:09] [32minfo[39m: MONGO_URI: mongodb://localhost:27017/?connectTimeoutMS=5000
[2025-06-18 01:42:09] [32minfo[39m: ✅ MongoDB Connected...
[2025-06-18 01:42:09] [32minfo[39m: 🚀 Server is running on port 5000
[2025-06-18 01:42:09] [32minfo[39m: ✅ MongoDB Connected...
[2025-06-18 01:42:25] [32minfo[39m: 🔄 Connecting to MongoDB...
[2025-06-18 01:42:25] [32minfo[39m: MONGO_URI: mongodb://localhost:27017/?connectTimeoutMS=5000
[2025-06-18 01:42:25] [32minfo[39m: 🔄 Connecting to MongoDB...
[2025-06-18 01:42:25] [32minfo[39m: 🔄 Connecting to MongoDB...
[2025-06-18 01:42:25] [32minfo[39m: MONGO_URI: mongodb://localhost:27017/?connectTimeoutMS=5000
[2025-06-18 01:42:25] [32minfo[39m: ✅ MongoDB Connected...
[2025-06-18 01:42:25] [32minfo[39m: 🚀 Server is running on port 5000
[2025-06-18 01:42:25] [32minfo[39m: ✅ MongoDB Connected...
[2025-06-18 01:42:51] [32minfo[39m: 🔄 Connecting to MongoDB...
[2025-06-18 01:42:51] [32minfo[39m: MONGO_URI: mongodb://localhost:27017/?connectTimeoutMS=5000
[2025-06-18 01:42:51] [32minfo[39m: 🔄 Connecting to MongoDB...
[2025-06-18 01:42:51] [32minfo[39m: 🔄 Connecting to MongoDB...
[2025-06-18 01:42:51] [32minfo[39m: MONGO_URI: mongodb://localhost:27017/?connectTimeoutMS=5000
[2025-06-18 01:42:51] [32minfo[39m: ✅ MongoDB Connected...
[2025-06-18 01:42:51] [32minfo[39m: 🚀 Server is running on port 5000
[2025-06-18 01:42:51] [32minfo[39m: ✅ MongoDB Connected...
[2025-06-18 01:44:42] [32minfo[39m: 🔄 Connecting to MongoDB...
[2025-06-18 01:44:42] [32minfo[39m: MONGO_URI: mongodb://localhost:27017/?connectTimeoutMS=5000
[2025-06-18 01:44:42] [32minfo[39m: 🔄 Connecting to MongoDB...
[2025-06-18 01:44:42] [32minfo[39m: 🔄 Connecting to MongoDB...
[2025-06-18 01:44:42] [32minfo[39m: MONGO_URI: mongodb://localhost:27017/?connectTimeoutMS=5000
[2025-06-18 01:44:42] [32minfo[39m: ✅ MongoDB Connected...
[2025-06-18 01:44:42] [32minfo[39m: 🚀 Server is running on port 5000
[2025-06-18 01:44:42] [32minfo[39m: ✅ MongoDB Connected...
[2025-06-18 02:06:56] [32minfo[39m: Request completed
[2025-06-18 02:06:56] [32minfo[39m: ::1 - - [17/Jun/2025:20:36:56 +0000] "POST /api/v1/auth/register HTTP/1.1" 200 217 "-" "PostmanRuntime/7.44.1"
[2025-06-18 02:09:23] [32minfo[39m: Request completed
[2025-06-18 02:09:23] [32minfo[39m: ::1 - - [17/Jun/2025:20:39:23 +0000] "POST /api/v1/auth/login HTTP/1.1" 200 217 "-" "PostmanRuntime/7.44.1"
[2025-06-18 02:15:45] [32minfo[39m: Request completed
[2025-06-18 02:15:45] [32minfo[39m: ::1 - - [17/Jun/2025:20:45:45 +0000] "GET /api/v1/auth/me HTTP/1.1" 200 215 "-" "PostmanRuntime/7.44.1"
[2025-06-18 02:27:25] [32minfo[39m: 🔄 Connecting to MongoDB...
[2025-06-18 02:27:25] [32minfo[39m: MONGO_URI: mongodb://localhost:27017/literacy-platform?connectTimeoutMS=5000
[2025-06-18 02:27:25] [32minfo[39m: 🔄 Connecting to MongoDB...
[2025-06-18 02:27:25] [32minfo[39m: 🔄 Connecting to MongoDB...
[2025-06-18 02:27:25] [32minfo[39m: MONGO_URI: mongodb://localhost:27017/literacy-platform?connectTimeoutMS=5000
[2025-06-18 02:27:25] [32minfo[39m: ✅ MongoDB Connected...
[2025-06-18 02:27:25] [32minfo[39m: 🚀 Server is running on port 5000
[2025-06-18 02:27:25] [32minfo[39m: ✅ MongoDB Connected...
[2025-06-18 03:31:06] [32minfo[39m: 🔄 Connecting to MongoDB...
[2025-06-18 03:31:06] [32minfo[39m: MONGO_URI: mongodb://localhost:27017/?connectTimeoutMS=5000
[2025-06-18 03:31:07] [32minfo[39m: 🔄 Connecting to MongoDB...
[2025-06-18 03:31:07] [32minfo[39m: 🔄 Connecting to MongoDB...
[2025-06-18 03:31:07] [32minfo[39m: MONGO_URI: mongodb://localhost:27017/?connectTimeoutMS=5000
[2025-06-18 03:31:07] [32minfo[39m: ✅ MongoDB Connected...
[2025-06-18 03:31:07] [32minfo[39m: 🚀 Server is running on port 5000
[2025-06-18 03:31:07] [32minfo[39m: ✅ MongoDB Connected...
[2025-06-18 03:34:42] [32minfo[39m: 🔄 Connecting to MongoDB...
[2025-06-18 03:34:42] [32minfo[39m: MONGO_URI: mongodb://localhost:27017/?connectTimeoutMS=5000
[2025-06-18 03:34:42] [32minfo[39m: 🚀 Server running in development mode on port 5000
[2025-06-18 03:34:42] [32minfo[39m: ✅ MongoDB Connected...
[2025-06-18 03:41:13] [32minfo[39m: 🔄 Connecting to MongoDB...
[2025-06-18 03:41:13] [32minfo[39m: MONGO_URI: mongodb://localhost:27017/literacy-platform?connectTimeoutMS=5000
[2025-06-18 03:41:13] [32minfo[39m: 🚀 Server running in development mode on port 5001
[2025-06-18 03:41:13] [32minfo[39m: ✅ MongoDB Connected...
[2025-06-18 03:42:08] [32minfo[39m: SIGINT received. Shutting down...
[2025-06-18 03:42:23] [32minfo[39m: 🔄 Connecting to MongoDB...
[2025-06-18 03:42:23] [32minfo[39m: MONGO_URI: mongodb://localhost:27017/literacy-platform?connectTimeoutMS=5000
[2025-06-18 03:42:24] [32minfo[39m: 🚀 Server running in development mode on port 5050
[2025-06-18 03:42:24] [32minfo[39m: ✅ MongoDB Connected...
