[2025-06-18 03:42:08] [31merror[39m: Uncaught Exception: ReferenceError: server is not defined
    at process.<anonymous> (D:\test project 3\online-literacy-platform\backend\server\app.js:366:3)
    at process.emit (node:events:536:35)
[2025-06-18 11:41:09] [31merror[39m: Uncaught Exception: ReferenceError: server is not defined
    at process.<anonymous> (D:\test project 3\online-literacy-platform\backend\server\app.js:366:3)
    at process.emit (node:events:536:35)
[2025-06-18 13:25:18] [31merror[39m: ❌ MongoDB connection error: connect ECONNREFUSED ::1:27017, connect ECONNREFUSED 127.0.0.1:27017
[2025-06-18 13:25:47] [31merror[39m: ❌ MongoDB connection error: connect ECONNREFUSED ::1:27017, connect ECONNREFUSED 127.0.0.1:27017
[2025-06-18 21:07:05] [31merror[39m: ❌ MongoDB connection error: connect ECONNREFUSED ::1:27017, connect ECONNREFUSED 127.0.0.1:27017
[2025-06-18 21:07:46] [31merror[39m: ❌ MongoDB connection error: connect ECONNREFUSED ::1:27017, connect ECONNREFUSED 127.0.0.1:27017
[2025-06-18 21:24:36] [31merror[39m: Uncaught Exception: ReferenceError: server is not defined
    at process.<anonymous> (D:\test project 3\online-literacy-platform\backend\server\app.js:366:3)
    at process.emit (node:events:536:35)
[2025-06-18 23:09:15] [31merror[39m: Error: Not found - POST /api/auth/register
    at notFound (D:\test project 3\online-literacy-platform\backend\server\middleware\errorMiddleware.js:6:17)
    at Layer.handle [as handle_request] (D:\test project 3\online-literacy-platform\backend\server\node_modules\express\lib\router\layer.js:95:5)
    at trim_prefix (D:\test project 3\online-literacy-platform\backend\server\node_modules\express\lib\router\index.js:328:13)
    at D:\test project 3\online-literacy-platform\backend\server\node_modules\express\lib\router\index.js:286:9
    at Function.process_params (D:\test project 3\online-literacy-platform\backend\server\node_modules\express\lib\router\index.js:346:12)
    at next (D:\test project 3\online-literacy-platform\backend\server\node_modules\express\lib\router\index.js:280:10)
    at hpp (D:\test project 3\online-literacy-platform\backend\node_modules\hpp\lib\index.js:146:9)
    at Layer.handle [as handle_request] (D:\test project 3\online-literacy-platform\backend\server\node_modules\express\lib\router\layer.js:95:5)
    at trim_prefix (D:\test project 3\online-literacy-platform\backend\server\node_modules\express\lib\router\index.js:328:13)
    at D:\test project 3\online-literacy-platform\backend\server\node_modules\express\lib\router\index.js:286:9
[2025-06-18 23:18:05] [31merror[39m: Uncaught Exception: ReferenceError: server is not defined
    at process.<anonymous> (D:\test project 3\online-literacy-platform\backend\server\app.js:366:3)
    at process.emit (node:events:536:35)
[2025-06-19 13:34:04] [31merror[39m: Uncaught Exception: ReferenceError: server is not defined
    at process.<anonymous> (D:\test project 3\online-literacy-platform\backend\server\app.js:378:3)
    at process.emit (node:events:536:35)
[2025-06-19 13:46:56] [31merror[39m: Error: Not found - GET /api/v1/auth/google
    at notFound (D:\test project 3\online-literacy-platform\backend\server\middleware\errorMiddleware.js:6:17)
    at Layer.handle [as handle_request] (D:\test project 3\online-literacy-platform\backend\server\node_modules\express\lib\router\layer.js:95:5)
    at trim_prefix (D:\test project 3\online-literacy-platform\backend\server\node_modules\express\lib\router\index.js:328:13)
    at D:\test project 3\online-literacy-platform\backend\server\node_modules\express\lib\router\index.js:286:9
    at Function.process_params (D:\test project 3\online-literacy-platform\backend\server\node_modules\express\lib\router\index.js:346:12)
    at next (D:\test project 3\online-literacy-platform\backend\server\node_modules\express\lib\router\index.js:280:10)
    at D:\test project 3\online-literacy-platform\backend\server\node_modules\express\lib\router\index.js:646:15
    at next (D:\test project 3\online-literacy-platform\backend\server\node_modules\express\lib\router\index.js:265:14)
    at Function.handle (D:\test project 3\online-literacy-platform\backend\server\node_modules\express\lib\router\index.js:175:3)
    at router (D:\test project 3\online-literacy-platform\backend\server\node_modules\express\lib\router\index.js:47:12)
[2025-06-19 13:46:56] [31merror[39m: Error: Not found - GET /favicon.ico
    at notFound (D:\test project 3\online-literacy-platform\backend\server\middleware\errorMiddleware.js:6:17)
    at Layer.handle [as handle_request] (D:\test project 3\online-literacy-platform\backend\server\node_modules\express\lib\router\layer.js:95:5)
    at trim_prefix (D:\test project 3\online-literacy-platform\backend\server\node_modules\express\lib\router\index.js:328:13)
    at D:\test project 3\online-literacy-platform\backend\server\node_modules\express\lib\router\index.js:286:9
    at Function.process_params (D:\test project 3\online-literacy-platform\backend\server\node_modules\express\lib\router\index.js:346:12)
    at next (D:\test project 3\online-literacy-platform\backend\server\node_modules\express\lib\router\index.js:280:10)
    at hpp (D:\test project 3\online-literacy-platform\backend\node_modules\hpp\lib\index.js:146:9)
    at Layer.handle [as handle_request] (D:\test project 3\online-literacy-platform\backend\server\node_modules\express\lib\router\layer.js:95:5)
    at trim_prefix (D:\test project 3\online-literacy-platform\backend\server\node_modules\express\lib\router\index.js:328:13)
    at D:\test project 3\online-literacy-platform\backend\server\node_modules\express\lib\router\index.js:286:9
[2025-06-19 14:01:57] [31merror[39m: Uncaught Exception: ReferenceError: server is not defined
    at process.<anonymous> (D:\test project 3\online-literacy-platform\backend\server\app.js:378:3)
    at process.emit (node:events:536:35)
[2025-06-19 14:02:16] [31merror[39m: Uncaught Exception: ReferenceError: server is not defined
    at process.<anonymous> (D:\test project 3\online-literacy-platform\backend\server\app.js:378:3)
    at process.emit (node:events:536:35)
[2025-06-19 14:17:49] [31merror[39m: Uncaught Exception: ReferenceError: server is not defined
    at process.<anonymous> (D:\test project 3\online-literacy-platform\backend\server\app.js:378:3)
    at process.emit (node:events:536:35)
[2025-06-19 14:18:06] [31merror[39m: Uncaught Exception: ReferenceError: server is not defined
    at process.<anonymous> (D:\test project 3\online-literacy-platform\backend\server\app.js:378:3)
    at process.emit (node:events:536:35)
[2025-06-19 14:33:11] [31merror[39m: Uncaught Exception: ReferenceError: server is not defined
    at process.<anonymous> (D:\test project 3\online-literacy-platform\backend\server\app.js:378:3)
    at process.emit (node:events:536:35)
[2025-06-22 11:46:32] [31merror[39m: Error: Not found - GET /api/v1/auth/google
    at notFound (D:\test project 3\online-literacy-platform\backend\server\middleware\errorMiddleware.js:4:17)
    at Layer.handle [as handle_request] (D:\test project 3\online-literacy-platform\backend\server\node_modules\express\lib\router\layer.js:95:5)
    at trim_prefix (D:\test project 3\online-literacy-platform\backend\server\node_modules\express\lib\router\index.js:328:13)
    at D:\test project 3\online-literacy-platform\backend\server\node_modules\express\lib\router\index.js:286:9
    at Function.process_params (D:\test project 3\online-literacy-platform\backend\server\node_modules\express\lib\router\index.js:346:12)
    at next (D:\test project 3\online-literacy-platform\backend\server\node_modules\express\lib\router\index.js:280:10)
    at D:\test project 3\online-literacy-platform\backend\server\node_modules\express\lib\router\index.js:646:15
    at next (D:\test project 3\online-literacy-platform\backend\server\node_modules\express\lib\router\index.js:265:14)
    at Function.handle (D:\test project 3\online-literacy-platform\backend\server\node_modules\express\lib\router\index.js:175:3)
    at router (D:\test project 3\online-literacy-platform\backend\server\node_modules\express\lib\router\index.js:47:12)
[2025-06-22 11:46:32] [31merror[39m: Error: Not found - GET /favicon.ico
    at notFound (D:\test project 3\online-literacy-platform\backend\server\middleware\errorMiddleware.js:4:17)
    at Layer.handle [as handle_request] (D:\test project 3\online-literacy-platform\backend\server\node_modules\express\lib\router\layer.js:95:5)
    at trim_prefix (D:\test project 3\online-literacy-platform\backend\server\node_modules\express\lib\router\index.js:328:13)
    at D:\test project 3\online-literacy-platform\backend\server\node_modules\express\lib\router\index.js:286:9
    at Function.process_params (D:\test project 3\online-literacy-platform\backend\server\node_modules\express\lib\router\index.js:346:12)
    at next (D:\test project 3\online-literacy-platform\backend\server\node_modules\express\lib\router\index.js:280:10)
    at hpp (D:\test project 3\online-literacy-platform\backend\node_modules\hpp\lib\index.js:146:9)
    at Layer.handle [as handle_request] (D:\test project 3\online-literacy-platform\backend\server\node_modules\express\lib\router\layer.js:95:5)
    at trim_prefix (D:\test project 3\online-literacy-platform\backend\server\node_modules\express\lib\router\index.js:328:13)
    at D:\test project 3\online-literacy-platform\backend\server\node_modules\express\lib\router\index.js:286:9
[2025-06-22 12:20:39] [31merror[39m: Uncaught Exception: ReferenceError: server is not defined
    at process.<anonymous> (D:\test project 3\online-literacy-platform\backend\server\app.js:378:3)
    at process.emit (node:events:536:35)
[2025-06-25 21:39:20] [31merror[39m: Uncaught Exception: ReferenceError: server is not defined
    at process.<anonymous> (D:\test project 3\online-literacy-platform\backend\server\app.js:378:3)
    at process.emit (node:events:536:35)
[2025-06-26 23:07:27] [31merror[39m: Uncaught Exception: ReferenceError: server is not defined
    at process.<anonymous> (D:\test project 3\online-literacy-platform\backend\server\app.js:378:3)
    at process.emit (node:events:536:35)
[2025-06-26 23:59:19] [31merror[39m: Error: Not found - POST /api/auth/login
    at notFound (D:\test project 3\online-literacy-platform\backend\server\middleware\errorMiddleware.js:4:17)
    at Layer.handle [as handle_request] (D:\test project 3\online-literacy-platform\backend\server\node_modules\express\lib\router\layer.js:95:5)
    at trim_prefix (D:\test project 3\online-literacy-platform\backend\server\node_modules\express\lib\router\index.js:328:13)
    at D:\test project 3\online-literacy-platform\backend\server\node_modules\express\lib\router\index.js:286:9
    at Function.process_params (D:\test project 3\online-literacy-platform\backend\server\node_modules\express\lib\router\index.js:346:12)
    at next (D:\test project 3\online-literacy-platform\backend\server\node_modules\express\lib\router\index.js:280:10)
    at hpp (D:\test project 3\online-literacy-platform\backend\node_modules\hpp\lib\index.js:146:9)
    at Layer.handle [as handle_request] (D:\test project 3\online-literacy-platform\backend\server\node_modules\express\lib\router\layer.js:95:5)
    at trim_prefix (D:\test project 3\online-literacy-platform\backend\server\node_modules\express\lib\router\index.js:328:13)
    at D:\test project 3\online-literacy-platform\backend\server\node_modules\express\lib\router\index.js:286:9
[2025-06-27 00:03:47] [31merror[39m: Error: Not found - POST /api/auth/login
    at notFound (D:\test project 3\online-literacy-platform\backend\server\middleware\errorMiddleware.js:4:17)
    at Layer.handle [as handle_request] (D:\test project 3\online-literacy-platform\backend\server\node_modules\express\lib\router\layer.js:95:5)
    at trim_prefix (D:\test project 3\online-literacy-platform\backend\server\node_modules\express\lib\router\index.js:328:13)
    at D:\test project 3\online-literacy-platform\backend\server\node_modules\express\lib\router\index.js:286:9
    at Function.process_params (D:\test project 3\online-literacy-platform\backend\server\node_modules\express\lib\router\index.js:346:12)
    at next (D:\test project 3\online-literacy-platform\backend\server\node_modules\express\lib\router\index.js:280:10)
    at hpp (D:\test project 3\online-literacy-platform\backend\node_modules\hpp\lib\index.js:146:9)
    at Layer.handle [as handle_request] (D:\test project 3\online-literacy-platform\backend\server\node_modules\express\lib\router\layer.js:95:5)
    at trim_prefix (D:\test project 3\online-literacy-platform\backend\server\node_modules\express\lib\router\index.js:328:13)
    at D:\test project 3\online-literacy-platform\backend\server\node_modules\express\lib\router\index.js:286:9
