[2025-06-18 00:13:05] [31merror[39m: TypeError: Missing parameter name at 1: https://git.new/pathToRegexpError
    at name (D:\test project 3\online-literacy-platform\backend\server\node_modules\path-to-regexp\dist\index.js:73:19)
    at lexer (D:\test project 3\online-literacy-platform\backend\server\node_modules\path-to-regexp\dist\index.js:91:27)
    at lexer.next (<anonymous>)
    at Iter.peek (D:\test project 3\online-literacy-platform\backend\server\node_modules\path-to-regexp\dist\index.js:106:38)
    at Iter.tryConsume (D:\test project 3\online-literacy-platform\backend\server\node_modules\path-to-regexp\dist\index.js:112:28)
    at Iter.text (D:\test project 3\online-literacy-platform\backend\server\node_modules\path-to-regexp\dist\index.js:128:30)
    at consume (D:\test project 3\online-literacy-platform\backend\server\node_modules\path-to-regexp\dist\index.js:152:29)
    at parse (D:\test project 3\online-literacy-platform\backend\server\node_modules\path-to-regexp\dist\index.js:183:20)
    at D:\test project 3\online-literacy-platform\backend\server\node_modules\path-to-regexp\dist\index.js:294:74
    at Array.map (<anonymous>)
[2025-06-18 00:14:25] [31merror[39m: TypeError: Missing parameter name at 1: https://git.new/pathToRegexpError
    at name (D:\test project 3\online-literacy-platform\backend\server\node_modules\path-to-regexp\dist\index.js:73:19)
    at lexer (D:\test project 3\online-literacy-platform\backend\server\node_modules\path-to-regexp\dist\index.js:91:27)
    at lexer.next (<anonymous>)
    at Iter.peek (D:\test project 3\online-literacy-platform\backend\server\node_modules\path-to-regexp\dist\index.js:106:38)
    at Iter.tryConsume (D:\test project 3\online-literacy-platform\backend\server\node_modules\path-to-regexp\dist\index.js:112:28)
    at Iter.text (D:\test project 3\online-literacy-platform\backend\server\node_modules\path-to-regexp\dist\index.js:128:30)
    at consume (D:\test project 3\online-literacy-platform\backend\server\node_modules\path-to-regexp\dist\index.js:152:29)
    at parse (D:\test project 3\online-literacy-platform\backend\server\node_modules\path-to-regexp\dist\index.js:183:20)
    at D:\test project 3\online-literacy-platform\backend\server\node_modules\path-to-regexp\dist\index.js:294:74
    at Array.map (<anonymous>)
[2025-06-18 00:16:33] [31merror[39m: TypeError: Missing parameter name at 1: https://git.new/pathToRegexpError
    at name (D:\test project 3\online-literacy-platform\backend\server\node_modules\path-to-regexp\dist\index.js:73:19)
    at lexer (D:\test project 3\online-literacy-platform\backend\server\node_modules\path-to-regexp\dist\index.js:91:27)
    at lexer.next (<anonymous>)
    at Iter.peek (D:\test project 3\online-literacy-platform\backend\server\node_modules\path-to-regexp\dist\index.js:106:38)
    at Iter.tryConsume (D:\test project 3\online-literacy-platform\backend\server\node_modules\path-to-regexp\dist\index.js:112:28)
    at Iter.text (D:\test project 3\online-literacy-platform\backend\server\node_modules\path-to-regexp\dist\index.js:128:30)
    at consume (D:\test project 3\online-literacy-platform\backend\server\node_modules\path-to-regexp\dist\index.js:152:29)
    at parse (D:\test project 3\online-literacy-platform\backend\server\node_modules\path-to-regexp\dist\index.js:183:20)
    at D:\test project 3\online-literacy-platform\backend\server\node_modules\path-to-regexp\dist\index.js:294:74
    at Array.map (<anonymous>)
[2025-06-18 00:18:13] [31merror[39m: TypeError: Missing parameter name at 1: https://git.new/pathToRegexpError
    at name (D:\test project 3\online-literacy-platform\backend\server\node_modules\path-to-regexp\dist\index.js:73:19)
    at lexer (D:\test project 3\online-literacy-platform\backend\server\node_modules\path-to-regexp\dist\index.js:91:27)
    at lexer.next (<anonymous>)
    at Iter.peek (D:\test project 3\online-literacy-platform\backend\server\node_modules\path-to-regexp\dist\index.js:106:38)
    at Iter.tryConsume (D:\test project 3\online-literacy-platform\backend\server\node_modules\path-to-regexp\dist\index.js:112:28)
    at Iter.text (D:\test project 3\online-literacy-platform\backend\server\node_modules\path-to-regexp\dist\index.js:128:30)
    at consume (D:\test project 3\online-literacy-platform\backend\server\node_modules\path-to-regexp\dist\index.js:152:29)
    at parse (D:\test project 3\online-literacy-platform\backend\server\node_modules\path-to-regexp\dist\index.js:183:20)
    at D:\test project 3\online-literacy-platform\backend\server\node_modules\path-to-regexp\dist\index.js:294:74
    at Array.map (<anonymous>)
[2025-06-18 00:18:20] [31merror[39m: TypeError: Missing parameter name at 1: https://git.new/pathToRegexpError
    at name (D:\test project 3\online-literacy-platform\backend\server\node_modules\path-to-regexp\dist\index.js:73:19)
    at lexer (D:\test project 3\online-literacy-platform\backend\server\node_modules\path-to-regexp\dist\index.js:91:27)
    at lexer.next (<anonymous>)
    at Iter.peek (D:\test project 3\online-literacy-platform\backend\server\node_modules\path-to-regexp\dist\index.js:106:38)
    at Iter.tryConsume (D:\test project 3\online-literacy-platform\backend\server\node_modules\path-to-regexp\dist\index.js:112:28)
    at Iter.text (D:\test project 3\online-literacy-platform\backend\server\node_modules\path-to-regexp\dist\index.js:128:30)
    at consume (D:\test project 3\online-literacy-platform\backend\server\node_modules\path-to-regexp\dist\index.js:152:29)
    at parse (D:\test project 3\online-literacy-platform\backend\server\node_modules\path-to-regexp\dist\index.js:183:20)
    at D:\test project 3\online-literacy-platform\backend\server\node_modules\path-to-regexp\dist\index.js:294:74
    at Array.map (<anonymous>)
[2025-06-18 03:42:08] [31merror[39m: ReferenceError: server is not defined
    at process.<anonymous> (D:\test project 3\online-literacy-platform\backend\server\app.js:366:3)
    at process.emit (node:events:536:35)
[2025-06-18 11:41:09] [31merror[39m: ReferenceError: server is not defined
    at process.<anonymous> (D:\test project 3\online-literacy-platform\backend\server\app.js:366:3)
    at process.emit (node:events:536:35)
[2025-06-18 21:24:36] [31merror[39m: ReferenceError: server is not defined
    at process.<anonymous> (D:\test project 3\online-literacy-platform\backend\server\app.js:366:3)
    at process.emit (node:events:536:35)
[2025-06-18 21:24:54] [31merror[39m: ReferenceError: server is not defined
    at process.<anonymous> (D:\test project 3\online-literacy-platform\backend\server\app.js:366:3)
    at process.emit (node:events:536:35)
[2025-06-18 23:18:05] [31merror[39m: ReferenceError: server is not defined
    at process.<anonymous> (D:\test project 3\online-literacy-platform\backend\server\app.js:366:3)
    at process.emit (node:events:536:35)
[2025-06-19 13:34:04] [31merror[39m: ReferenceError: server is not defined
    at process.<anonymous> (D:\test project 3\online-literacy-platform\backend\server\app.js:378:3)
    at process.emit (node:events:536:35)
[2025-06-19 14:01:57] [31merror[39m: ReferenceError: server is not defined
    at process.<anonymous> (D:\test project 3\online-literacy-platform\backend\server\app.js:378:3)
    at process.emit (node:events:536:35)
[2025-06-19 14:02:16] [31merror[39m: ReferenceError: server is not defined
    at process.<anonymous> (D:\test project 3\online-literacy-platform\backend\server\app.js:378:3)
    at process.emit (node:events:536:35)
[2025-06-19 14:17:49] [31merror[39m: ReferenceError: server is not defined
    at process.<anonymous> (D:\test project 3\online-literacy-platform\backend\server\app.js:378:3)
    at process.emit (node:events:536:35)
[2025-06-19 14:18:06] [31merror[39m: ReferenceError: server is not defined
    at process.<anonymous> (D:\test project 3\online-literacy-platform\backend\server\app.js:378:3)
    at process.emit (node:events:536:35)
[2025-06-19 14:33:11] [31merror[39m: ReferenceError: server is not defined
    at process.<anonymous> (D:\test project 3\online-literacy-platform\backend\server\app.js:378:3)
    at process.emit (node:events:536:35)
[2025-06-22 12:19:19] [31merror[39m: ReferenceError: server is not defined
    at process.<anonymous> (D:\test project 3\online-literacy-platform\backend\server\app.js:378:3)
    at process.emit (node:events:536:35)
[2025-06-22 12:20:39] [31merror[39m: ReferenceError: server is not defined
    at process.<anonymous> (D:\test project 3\online-literacy-platform\backend\server\app.js:378:3)
    at process.emit (node:events:536:35)
[2025-06-25 21:39:20] [31merror[39m: ReferenceError: server is not defined
    at process.<anonymous> (D:\test project 3\online-literacy-platform\backend\server\app.js:378:3)
    at process.emit (node:events:536:35)
[2025-06-26 23:07:27] [31merror[39m: ReferenceError: server is not defined
    at process.<anonymous> (D:\test project 3\online-literacy-platform\backend\server\app.js:378:3)
    at process.emit (node:events:536:35)
