[2025-06-12 20:54:07] [32minfo[39m: 🚀 Server running in development mode on port 5000
[2025-06-12 20:56:05] [32minfo[39m: SIGINT received: closing HTTP server
[2025-06-12 20:56:46] [32minfo[39m: 🚀 Server running in development mode on port 5000
[2025-06-12 20:56:55] [32minfo[39m: SIGINT received: closing HTTP server
[2025-06-12 20:57:05] [32minfo[39m: 🚀 Server running in development mode on port 5000
[2025-06-12 20:57:26] [32minfo[39m: SIGINT received: closing HTTP server
[2025-06-12 20:57:29] [32minfo[39m: 🚀 Server running in development mode on port 5000
[2025-06-12 20:58:00] [32minfo[39m: SIGINT received: closing HTTP server
[2025-06-12 20:58:49] [32minfo[39m: 🚀 Server running in development mode on port 5000
[2025-06-12 20:58:59] [32minfo[39m: SIGINT received: closing HTTP server
[2025-06-12 20:59:02] [32minfo[39m: 🚀 Server running in development mode on port 5000
[2025-06-12 20:59:23] [32minfo[39m: SIGINT received: closing HTTP server
[2025-06-12 20:59:26] [32minfo[39m: 🚀 Server running in development mode on port 5000
[2025-06-12 20:59:59] [32minfo[39m: SIGINT received: closing HTTP server
[2025-06-12 21:00:02] [32minfo[39m: 🚀 Server running in development mode on port 5000
[2025-06-12 21:00:22] [32minfo[39m: SIGINT received: closing HTTP server
[2025-06-12 21:00:27] [32minfo[39m: 🚀 Server running in development mode on port 5000
[2025-06-12 21:00:34] [32minfo[39m: SIGINT received: closing HTTP server
[2025-06-12 21:00:37] [32minfo[39m: 🚀 Server running in development mode on port 5000
[2025-06-12 21:01:01] [32minfo[39m: SIGINT received: closing HTTP server
[2025-06-12 21:01:20] [32minfo[39m: 🚀 Server running in development mode on port 5000
[2025-06-12 21:01:33] [32minfo[39m: SIGINT received: closing HTTP server
[2025-06-12 21:01:36] [32minfo[39m: 🚀 Server running in development mode on port 5000
[2025-06-12 21:01:47] [32minfo[39m: SIGINT received: closing HTTP server
[2025-06-12 21:01:49] [32minfo[39m: 🚀 Server running in development mode on port 5000
[2025-06-12 21:01:59] [32minfo[39m: SIGINT received: closing HTTP server
[2025-06-12 21:02:02] [32minfo[39m: 🚀 Server running in development mode on port 5000
[2025-06-12 21:02:15] [32minfo[39m: SIGINT received: closing HTTP server
[2025-06-12 21:02:17] [32minfo[39m: 🚀 Server running in development mode on port 5000
[2025-06-12 21:02:28] [32minfo[39m: SIGINT received: closing HTTP server
[2025-06-12 21:05:00] [32minfo[39m: 🚀 Server running in development mode on port 5000
[2025-06-12 21:05:52] [32minfo[39m: SIGINT received: closing HTTP server
[2025-06-12 22:08:18] [32minfo[39m: 🔄 Connecting to MongoDB...
[2025-06-12 22:08:18] [32minfo[39m: 🔄 Connecting to MongoDB...
[2025-06-12 22:11:39] [32minfo[39m: 🔄 Connecting to MongoDB...
[2025-06-12 22:13:11] [32minfo[39m: 🔄 Connecting to MongoDB...
[2025-06-12 22:13:11] [32minfo[39m: 🔄 Connecting to MongoDB...
[2025-06-12 22:21:08] [32minfo[39m: 🔄 Connecting to MongoDB...
[2025-06-12 22:22:55] [32minfo[39m: 🔄 Connecting to MongoDB...
[2025-06-12 22:23:36] [32minfo[39m: 🔄 Connecting to MongoDB...
[2025-06-12 22:33:22] [32minfo[39m: 🔄 Connecting to MongoDB...
[2025-06-13 00:06:36] [32minfo[39m: 🔄 Connecting to MongoDB...
[2025-06-13 00:12:31] [32minfo[39m: 🔄 Connecting to MongoDB...
[2025-06-13 00:15:02] [32minfo[39m: 🔄 Connecting to MongoDB...
[2025-06-13 00:15:08] [32minfo[39m: 🔄 Connecting to MongoDB...
[2025-06-13 00:16:16] [32minfo[39m: 🔄 Connecting to MongoDB...
[2025-06-13 00:16:31] [32minfo[39m: 🔄 Connecting to MongoDB...
[2025-06-13 00:30:10] [32minfo[39m: 🔄 Connecting to MongoDB...
[2025-06-13 00:30:10] [32minfo[39m: MONGO_URI: mongodb://localhost:27017/online-literacy-platform?connectTimeoutMS=5000
[2025-06-13 00:30:10] [32minfo[39m: ✅ MongoDB Connected...
[2025-06-13 00:30:16] [32minfo[39m: 🔄 Connecting to MongoDB...
[2025-06-13 00:30:16] [32minfo[39m: MONGO_URI: mongodb://localhost:27017/online-literacy-platform?connectTimeoutMS=5000
[2025-06-13 00:30:16] [32minfo[39m: ✅ MongoDB Connected...
[2025-06-13 00:30:47] [32minfo[39m: 🔄 Connecting to MongoDB...
[2025-06-13 00:30:47] [32minfo[39m: MONGO_URI: mongodb://localhost:27017/online-literacy-platform?connectTimeoutMS=5000
[2025-06-13 00:30:47] [32minfo[39m: ✅ MongoDB Connected...
[2025-06-13 00:32:55] [32minfo[39m: 🔄 Connecting to MongoDB...
[2025-06-13 00:32:55] [32minfo[39m: MONGO_URI: mongodb://localhost:27017/online-literacy-platform?connectTimeoutMS=5000
[2025-06-13 00:32:55] [32minfo[39m: ✅ MongoDB Connected...
[2025-06-13 00:33:50] [32minfo[39m: 🔄 Connecting to MongoDB...
[2025-06-13 00:33:50] [32minfo[39m: MONGO_URI: mongodb://localhost:27017/online-literacy-platform?connectTimeoutMS=5000
[2025-06-13 00:33:50] [32minfo[39m: ✅ MongoDB Connected...
