2025-06-12 18:54:44 [31merror[39m: Error: Cannot find module 'hpp'
Require stack:
- D:\test project 3\online-literacy-platform\backend\app.js
- D:\test project 3\online-literacy-platform\backend\server.js
    at Module._resolveFilename (node:internal/modules/cjs/loader:1212:15)
    at Module._load (node:internal/modules/cjs/loader:1043:27)
    at Module.require (node:internal/modules/cjs/loader:1298:19)
    at require (node:internal/modules/helpers:182:18)
    at Object.<anonymous> (D:\test project 3\online-literacy-platform\backend\app.js:11:13)
    at Module._compile (node:internal/modules/cjs/loader:1529:14)
    at Module._extensions..js (node:internal/modules/cjs/loader:1613:10)
    at Module.load (node:internal/modules/cjs/loader:1275:32)
    at Module._load (node:internal/modules/cjs/loader:1096:12)
    at Module.require (node:internal/modules/cjs/loader:1298:19)
2025-06-12 18:56:33 [31merror[39m: Error: Cannot find module 'hpp'
Require stack:
- D:\test project 3\online-literacy-platform\backend\app.js
- D:\test project 3\online-literacy-platform\backend\server.js
    at Module._resolveFilename (node:internal/modules/cjs/loader:1212:15)
    at Module._load (node:internal/modules/cjs/loader:1043:27)
    at Module.require (node:internal/modules/cjs/loader:1298:19)
    at require (node:internal/modules/helpers:182:18)
    at Object.<anonymous> (D:\test project 3\online-literacy-platform\backend\app.js:11:13)
    at Module._compile (node:internal/modules/cjs/loader:1529:14)
    at Module._extensions..js (node:internal/modules/cjs/loader:1613:10)
    at Module.load (node:internal/modules/cjs/loader:1275:32)
    at Module._load (node:internal/modules/cjs/loader:1096:12)
    at Module.require (node:internal/modules/cjs/loader:1298:19)
2025-06-12 19:03:54 [31merror[39m: Error: Cannot find module 'hpp'
Require stack:
- D:\test project 3\online-literacy-platform\backend\app.js
- D:\test project 3\online-literacy-platform\backend\server.js
    at Module._resolveFilename (node:internal/modules/cjs/loader:1212:15)
    at Module._load (node:internal/modules/cjs/loader:1043:27)
    at Module.require (node:internal/modules/cjs/loader:1298:19)
    at require (node:internal/modules/helpers:182:18)
    at Object.<anonymous> (D:\test project 3\online-literacy-platform\backend\app.js:11:13)
    at Module._compile (node:internal/modules/cjs/loader:1529:14)
    at Module._extensions..js (node:internal/modules/cjs/loader:1613:10)
    at Module.load (node:internal/modules/cjs/loader:1275:32)
    at Module._load (node:internal/modules/cjs/loader:1096:12)
    at Module.require (node:internal/modules/cjs/loader:1298:19)
2025-06-12 19:04:53 [31merror[39m: Error: Cannot find module 'hpp'
Require stack:
- D:\test project 3\online-literacy-platform\backend\app.js
- D:\test project 3\online-literacy-platform\backend\server.js
    at Module._resolveFilename (node:internal/modules/cjs/loader:1212:15)
    at Module._load (node:internal/modules/cjs/loader:1043:27)
    at Module.require (node:internal/modules/cjs/loader:1298:19)
    at require (node:internal/modules/helpers:182:18)
    at Object.<anonymous> (D:\test project 3\online-literacy-platform\backend\app.js:11:13)
    at Module._compile (node:internal/modules/cjs/loader:1529:14)
    at Module._extensions..js (node:internal/modules/cjs/loader:1613:10)
    at Module.load (node:internal/modules/cjs/loader:1275:32)
    at Module._load (node:internal/modules/cjs/loader:1096:12)
    at Module.require (node:internal/modules/cjs/loader:1298:19)
2025-06-12 19:08:52 [31merror[39m: Error: Cannot find module 'hpp'
Require stack:
- D:\test project 3\online-literacy-platform\backend\app.js
- D:\test project 3\online-literacy-platform\backend\server.js
    at Module._resolveFilename (node:internal/modules/cjs/loader:1212:15)
    at Module._load (node:internal/modules/cjs/loader:1043:27)
    at Module.require (node:internal/modules/cjs/loader:1298:19)
    at require (node:internal/modules/helpers:182:18)
    at Object.<anonymous> (D:\test project 3\online-literacy-platform\backend\app.js:11:13)
    at Module._compile (node:internal/modules/cjs/loader:1529:14)
    at Module._extensions..js (node:internal/modules/cjs/loader:1613:10)
    at Module.load (node:internal/modules/cjs/loader:1275:32)
    at Module._load (node:internal/modules/cjs/loader:1096:12)
    at Module.require (node:internal/modules/cjs/loader:1298:19)
2025-06-12 19:09:53 [31merror[39m: Error: Cannot find module 'hpp'
Require stack:
- D:\test project 3\online-literacy-platform\backend\app.js
- D:\test project 3\online-literacy-platform\backend\server.js
    at Module._resolveFilename (node:internal/modules/cjs/loader:1212:15)
    at Module._load (node:internal/modules/cjs/loader:1043:27)
    at Module.require (node:internal/modules/cjs/loader:1298:19)
    at require (node:internal/modules/helpers:182:18)
    at Object.<anonymous> (D:\test project 3\online-literacy-platform\backend\app.js:11:13)
    at Module._compile (node:internal/modules/cjs/loader:1529:14)
    at Module._extensions..js (node:internal/modules/cjs/loader:1613:10)
    at Module.load (node:internal/modules/cjs/loader:1275:32)
    at Module._load (node:internal/modules/cjs/loader:1096:12)
    at Module.require (node:internal/modules/cjs/loader:1298:19)
2025-06-12 19:13:01 [31merror[39m: Error: Cannot find module 'hpp'
Require stack:
- D:\test project 3\online-literacy-platform\backend\app.js
- D:\test project 3\online-literacy-platform\backend\server.js
    at Module._resolveFilename (node:internal/modules/cjs/loader:1212:15)
    at Module._load (node:internal/modules/cjs/loader:1043:27)
    at Module.require (node:internal/modules/cjs/loader:1298:19)
    at require (node:internal/modules/helpers:182:18)
    at Object.<anonymous> (D:\test project 3\online-literacy-platform\backend\app.js:11:13)
    at Module._compile (node:internal/modules/cjs/loader:1529:14)
    at Module._extensions..js (node:internal/modules/cjs/loader:1613:10)
    at Module.load (node:internal/modules/cjs/loader:1275:32)
    at Module._load (node:internal/modules/cjs/loader:1096:12)
    at Module.require (node:internal/modules/cjs/loader:1298:19)
2025-06-12 19:20:55 [31merror[39m: Error: Cannot find module 'hpp'
Require stack:
- D:\test project 3\online-literacy-platform\backend\app.js
- D:\test project 3\online-literacy-platform\backend\server.js
    at Module._resolveFilename (node:internal/modules/cjs/loader:1212:15)
    at Module._load (node:internal/modules/cjs/loader:1043:27)
    at Module.require (node:internal/modules/cjs/loader:1298:19)
    at require (node:internal/modules/helpers:182:18)
    at Object.<anonymous> (D:\test project 3\online-literacy-platform\backend\app.js:11:13)
    at Module._compile (node:internal/modules/cjs/loader:1529:14)
    at Module._extensions..js (node:internal/modules/cjs/loader:1613:10)
    at Module.load (node:internal/modules/cjs/loader:1275:32)
    at Module._load (node:internal/modules/cjs/loader:1096:12)
    at Module.require (node:internal/modules/cjs/loader:1298:19)
2025-06-12 19:20:55 [31merror[39m: Error: Cannot find module 'hpp'
Require stack:
- D:\test project 3\online-literacy-platform\backend\app.js
- D:\test project 3\online-literacy-platform\backend\server.js
    at Module._resolveFilename (node:internal/modules/cjs/loader:1212:15)
    at Module._load (node:internal/modules/cjs/loader:1043:27)
    at Module.require (node:internal/modules/cjs/loader:1298:19)
    at require (node:internal/modules/helpers:182:18)
    at Object.<anonymous> (D:\test project 3\online-literacy-platform\backend\app.js:11:13)
    at Module._compile (node:internal/modules/cjs/loader:1529:14)
    at Module._extensions..js (node:internal/modules/cjs/loader:1613:10)
    at Module.load (node:internal/modules/cjs/loader:1275:32)
    at Module._load (node:internal/modules/cjs/loader:1096:12)
    at Module.require (node:internal/modules/cjs/loader:1298:19)
[2025-06-12 19:24:50] [31merror[39m: Error: Cannot find module 'hpp'
Require stack:
- D:\test project 3\online-literacy-platform\backend\app.js
- D:\test project 3\online-literacy-platform\backend\server.js
    at Module._resolveFilename (node:internal/modules/cjs/loader:1212:15)
    at Module._load (node:internal/modules/cjs/loader:1043:27)
    at Module.require (node:internal/modules/cjs/loader:1298:19)
    at require (node:internal/modules/helpers:182:18)
    at Object.<anonymous> (D:\test project 3\online-literacy-platform\backend\app.js:11:13)
    at Module._compile (node:internal/modules/cjs/loader:1529:14)
    at Module._extensions..js (node:internal/modules/cjs/loader:1613:10)
    at Module.load (node:internal/modules/cjs/loader:1275:32)
    at Module._load (node:internal/modules/cjs/loader:1096:12)
    at Module.require (node:internal/modules/cjs/loader:1298:19)
[2025-06-12 19:26:32] [31merror[39m: Error: Cannot find module 'hpp'
Require stack:
- D:\test project 3\online-literacy-platform\backend\app.js
- D:\test project 3\online-literacy-platform\backend\server.js
    at Module._resolveFilename (node:internal/modules/cjs/loader:1212:15)
    at Module._load (node:internal/modules/cjs/loader:1043:27)
    at Module.require (node:internal/modules/cjs/loader:1298:19)
    at require (node:internal/modules/helpers:182:18)
    at Object.<anonymous> (D:\test project 3\online-literacy-platform\backend\app.js:11:13)
    at Module._compile (node:internal/modules/cjs/loader:1529:14)
    at Module._extensions..js (node:internal/modules/cjs/loader:1613:10)
    at Module.load (node:internal/modules/cjs/loader:1275:32)
    at Module._load (node:internal/modules/cjs/loader:1096:12)
    at Module.require (node:internal/modules/cjs/loader:1298:19)
[2025-06-12 19:27:25] [31merror[39m: Error: Cannot find module 'hpp'
Require stack:
- D:\test project 3\online-literacy-platform\backend\app.js
- D:\test project 3\online-literacy-platform\backend\server.js
    at Module._resolveFilename (node:internal/modules/cjs/loader:1212:15)
    at Module._load (node:internal/modules/cjs/loader:1043:27)
    at Module.require (node:internal/modules/cjs/loader:1298:19)
    at require (node:internal/modules/helpers:182:18)
    at Object.<anonymous> (D:\test project 3\online-literacy-platform\backend\app.js:11:13)
    at Module._compile (node:internal/modules/cjs/loader:1529:14)
    at Module._extensions..js (node:internal/modules/cjs/loader:1613:10)
    at Module.load (node:internal/modules/cjs/loader:1275:32)
    at Module._load (node:internal/modules/cjs/loader:1096:12)
    at Module.require (node:internal/modules/cjs/loader:1298:19)
[2025-06-12 19:28:34] [31merror[39m: Error: Cannot find module 'hpp'
Require stack:
- D:\test project 3\online-literacy-platform\backend\app.js
- D:\test project 3\online-literacy-platform\backend\server.js
    at Module._resolveFilename (node:internal/modules/cjs/loader:1212:15)
    at Module._load (node:internal/modules/cjs/loader:1043:27)
    at Module.require (node:internal/modules/cjs/loader:1298:19)
    at require (node:internal/modules/helpers:182:18)
    at Object.<anonymous> (D:\test project 3\online-literacy-platform\backend\app.js:11:13)
    at Module._compile (node:internal/modules/cjs/loader:1529:14)
    at Module._extensions..js (node:internal/modules/cjs/loader:1613:10)
    at Module.load (node:internal/modules/cjs/loader:1275:32)
    at Module._load (node:internal/modules/cjs/loader:1096:12)
    at Module.require (node:internal/modules/cjs/loader:1298:19)
[2025-06-12 19:28:49] [31merror[39m: Error: Cannot find module 'hpp'
Require stack:
- D:\test project 3\online-literacy-platform\backend\app.js
- D:\test project 3\online-literacy-platform\backend\server.js
    at Module._resolveFilename (node:internal/modules/cjs/loader:1212:15)
    at Module._load (node:internal/modules/cjs/loader:1043:27)
    at Module.require (node:internal/modules/cjs/loader:1298:19)
    at require (node:internal/modules/helpers:182:18)
    at Object.<anonymous> (D:\test project 3\online-literacy-platform\backend\app.js:11:13)
    at Module._compile (node:internal/modules/cjs/loader:1529:14)
    at Module._extensions..js (node:internal/modules/cjs/loader:1613:10)
    at Module.load (node:internal/modules/cjs/loader:1275:32)
    at Module._load (node:internal/modules/cjs/loader:1096:12)
    at Module.require (node:internal/modules/cjs/loader:1298:19)
[2025-06-12 19:28:53] [31merror[39m: Error: Cannot find module 'hpp'
Require stack:
- D:\test project 3\online-literacy-platform\backend\app.js
- D:\test project 3\online-literacy-platform\backend\server.js
    at Module._resolveFilename (node:internal/modules/cjs/loader:1212:15)
    at Module._load (node:internal/modules/cjs/loader:1043:27)
    at Module.require (node:internal/modules/cjs/loader:1298:19)
    at require (node:internal/modules/helpers:182:18)
    at Object.<anonymous> (D:\test project 3\online-literacy-platform\backend\app.js:11:13)
    at Module._compile (node:internal/modules/cjs/loader:1529:14)
    at Module._extensions..js (node:internal/modules/cjs/loader:1613:10)
    at Module.load (node:internal/modules/cjs/loader:1275:32)
    at Module._load (node:internal/modules/cjs/loader:1096:12)
    at Module.require (node:internal/modules/cjs/loader:1298:19)
[2025-06-12 19:31:11] [31merror[39m: Error: Cannot find module 'hpp'
Require stack:
- D:\test project 3\online-literacy-platform\backend\app.js
- D:\test project 3\online-literacy-platform\backend\server.js
    at Module._resolveFilename (node:internal/modules/cjs/loader:1212:15)
    at Module._load (node:internal/modules/cjs/loader:1043:27)
    at Module.require (node:internal/modules/cjs/loader:1298:19)
    at require (node:internal/modules/helpers:182:18)
    at Object.<anonymous> (D:\test project 3\online-literacy-platform\backend\app.js:11:13)
    at Module._compile (node:internal/modules/cjs/loader:1529:14)
    at Module._extensions..js (node:internal/modules/cjs/loader:1613:10)
    at Module.load (node:internal/modules/cjs/loader:1275:32)
    at Module._load (node:internal/modules/cjs/loader:1096:12)
    at Module.require (node:internal/modules/cjs/loader:1298:19)
[2025-06-12 19:32:07] [31merror[39m: Error: Cannot find module 'hpp'
Require stack:
- D:\test project 3\online-literacy-platform\backend\app.js
- D:\test project 3\online-literacy-platform\backend\server.js
    at Module._resolveFilename (node:internal/modules/cjs/loader:1212:15)
    at Module._load (node:internal/modules/cjs/loader:1043:27)
    at Module.require (node:internal/modules/cjs/loader:1298:19)
    at require (node:internal/modules/helpers:182:18)
    at Object.<anonymous> (D:\test project 3\online-literacy-platform\backend\app.js:11:13)
    at Module._compile (node:internal/modules/cjs/loader:1529:14)
    at Module._extensions..js (node:internal/modules/cjs/loader:1613:10)
    at Module.load (node:internal/modules/cjs/loader:1275:32)
    at Module._load (node:internal/modules/cjs/loader:1096:12)
    at Module.require (node:internal/modules/cjs/loader:1298:19)
[2025-06-12 19:34:54] [31merror[39m: Error: Cannot find module 'hpp'
Require stack:
- D:\test project 3\online-literacy-platform\backend\app.js
- D:\test project 3\online-literacy-platform\backend\server.js
    at Module._resolveFilename (node:internal/modules/cjs/loader:1212:15)
    at Module._load (node:internal/modules/cjs/loader:1043:27)
    at Module.require (node:internal/modules/cjs/loader:1298:19)
    at require (node:internal/modules/helpers:182:18)
    at Object.<anonymous> (D:\test project 3\online-literacy-platform\backend\app.js:11:13)
    at Module._compile (node:internal/modules/cjs/loader:1529:14)
    at Module._extensions..js (node:internal/modules/cjs/loader:1613:10)
    at Module.load (node:internal/modules/cjs/loader:1275:32)
    at Module._load (node:internal/modules/cjs/loader:1096:12)
    at Module.require (node:internal/modules/cjs/loader:1298:19)
[2025-06-12 19:36:53] [31merror[39m: Error: Cannot find module 'hpp'
Require stack:
- D:\test project 3\online-literacy-platform\backend\app.js
- D:\test project 3\online-literacy-platform\backend\server.js
    at Module._resolveFilename (node:internal/modules/cjs/loader:1212:15)
    at Module._load (node:internal/modules/cjs/loader:1043:27)
    at Module.require (node:internal/modules/cjs/loader:1298:19)
    at require (node:internal/modules/helpers:182:18)
    at Object.<anonymous> (D:\test project 3\online-literacy-platform\backend\app.js:11:13)
    at Module._compile (node:internal/modules/cjs/loader:1529:14)
    at Module._extensions..js (node:internal/modules/cjs/loader:1613:10)
    at Module.load (node:internal/modules/cjs/loader:1275:32)
    at Module._load (node:internal/modules/cjs/loader:1096:12)
    at Module.require (node:internal/modules/cjs/loader:1298:19)
[2025-06-12 19:37:55] [31merror[39m: Error: Cannot find module 'hpp'
Require stack:
- D:\test project 3\online-literacy-platform\backend\app.js
- D:\test project 3\online-literacy-platform\backend\server.js
    at Module._resolveFilename (node:internal/modules/cjs/loader:1212:15)
    at Module._load (node:internal/modules/cjs/loader:1043:27)
    at Module.require (node:internal/modules/cjs/loader:1298:19)
    at require (node:internal/modules/helpers:182:18)
    at Object.<anonymous> (D:\test project 3\online-literacy-platform\backend\app.js:11:13)
    at Module._compile (node:internal/modules/cjs/loader:1529:14)
    at Module._extensions..js (node:internal/modules/cjs/loader:1613:10)
    at Module.load (node:internal/modules/cjs/loader:1275:32)
    at Module._load (node:internal/modules/cjs/loader:1096:12)
    at Module.require (node:internal/modules/cjs/loader:1298:19)
[2025-06-12 19:41:01] [31merror[39m: Error: Cannot find module 'hpp'
Require stack:
- D:\test project 3\online-literacy-platform\backend\app.js
- D:\test project 3\online-literacy-platform\backend\server.js
    at Module._resolveFilename (node:internal/modules/cjs/loader:1212:15)
    at Module._load (node:internal/modules/cjs/loader:1043:27)
    at Module.require (node:internal/modules/cjs/loader:1298:19)
    at require (node:internal/modules/helpers:182:18)
    at Object.<anonymous> (D:\test project 3\online-literacy-platform\backend\app.js:12:13)
    at Module._compile (node:internal/modules/cjs/loader:1529:14)
    at Module._extensions..js (node:internal/modules/cjs/loader:1613:10)
    at Module.load (node:internal/modules/cjs/loader:1275:32)
    at Module._load (node:internal/modules/cjs/loader:1096:12)
    at Module.require (node:internal/modules/cjs/loader:1298:19)
[2025-06-12 19:41:57] [31merror[39m: Error: Cannot find module 'hpp'
Require stack:
- D:\test project 3\online-literacy-platform\backend\app.js
- D:\test project 3\online-literacy-platform\backend\server.js
    at Module._resolveFilename (node:internal/modules/cjs/loader:1212:15)
    at Module._load (node:internal/modules/cjs/loader:1043:27)
    at Module.require (node:internal/modules/cjs/loader:1298:19)
    at require (node:internal/modules/helpers:182:18)
    at Object.<anonymous> (D:\test project 3\online-literacy-platform\backend\app.js:12:13)
    at Module._compile (node:internal/modules/cjs/loader:1529:14)
    at Module._extensions..js (node:internal/modules/cjs/loader:1613:10)
    at Module.load (node:internal/modules/cjs/loader:1275:32)
    at Module._load (node:internal/modules/cjs/loader:1096:12)
    at Module.require (node:internal/modules/cjs/loader:1298:19)
[2025-06-12 20:38:51] [31merror[39m: Error: Cannot find module 'hpp'
Require stack:
- D:\test project 3\online-literacy-platform\backend\app.js
- D:\test project 3\online-literacy-platform\backend\server.js
    at Module._resolveFilename (node:internal/modules/cjs/loader:1212:15)
    at Module._load (node:internal/modules/cjs/loader:1043:27)
    at Module.require (node:internal/modules/cjs/loader:1298:19)
    at require (node:internal/modules/helpers:182:18)
    at Object.<anonymous> (D:\test project 3\online-literacy-platform\backend\app.js:12:13)
    at Module._compile (node:internal/modules/cjs/loader:1529:14)
    at Module._extensions..js (node:internal/modules/cjs/loader:1613:10)
    at Module.load (node:internal/modules/cjs/loader:1275:32)
    at Module._load (node:internal/modules/cjs/loader:1096:12)
    at Module.require (node:internal/modules/cjs/loader:1298:19)
[2025-06-12 20:42:26] [31merror[39m: Error: Cannot find module 'hpp'
Require stack:
- D:\test project 3\online-literacy-platform\backend\app.js
- D:\test project 3\online-literacy-platform\backend\server.js
    at Module._resolveFilename (node:internal/modules/cjs/loader:1212:15)
    at Module._load (node:internal/modules/cjs/loader:1043:27)
    at Module.require (node:internal/modules/cjs/loader:1298:19)
    at require (node:internal/modules/helpers:182:18)
    at Object.<anonymous> (D:\test project 3\online-literacy-platform\backend\app.js:13:13)
    at Module._compile (node:internal/modules/cjs/loader:1529:14)
    at Module._extensions..js (node:internal/modules/cjs/loader:1613:10)
    at Module.load (node:internal/modules/cjs/loader:1275:32)
    at Module._load (node:internal/modules/cjs/loader:1096:12)
    at Module.require (node:internal/modules/cjs/loader:1298:19)
[2025-06-12 20:49:46] [31merror[39m: Error: Cannot find module 'hpp'
Require stack:
- D:\test project 3\online-literacy-platform\backend\app.js
- D:\test project 3\online-literacy-platform\backend\server.js
    at Module._resolveFilename (node:internal/modules/cjs/loader:1212:15)
    at Module._load (node:internal/modules/cjs/loader:1043:27)
    at Module.require (node:internal/modules/cjs/loader:1298:19)
    at require (node:internal/modules/helpers:182:18)
    at Object.<anonymous> (D:\test project 3\online-literacy-platform\backend\app.js:13:13)
    at Module._compile (node:internal/modules/cjs/loader:1529:14)
    at Module._extensions..js (node:internal/modules/cjs/loader:1613:10)
    at Module.load (node:internal/modules/cjs/loader:1275:32)
    at Module._load (node:internal/modules/cjs/loader:1096:12)
    at Module.require (node:internal/modules/cjs/loader:1298:19)
[2025-06-12 20:51:10] [31merror[39m: Error: Cannot find module 'hpp'
Require stack:
- D:\test project 3\online-literacy-platform\backend\app.js
- D:\test project 3\online-literacy-platform\backend\server.js
    at Module._resolveFilename (node:internal/modules/cjs/loader:1212:15)
    at Module._load (node:internal/modules/cjs/loader:1043:27)
    at Module.require (node:internal/modules/cjs/loader:1298:19)
    at require (node:internal/modules/helpers:182:18)
    at Object.<anonymous> (D:\test project 3\online-literacy-platform\backend\app.js:13:13)
    at Module._compile (node:internal/modules/cjs/loader:1529:14)
    at Module._extensions..js (node:internal/modules/cjs/loader:1613:10)
    at Module.load (node:internal/modules/cjs/loader:1275:32)
    at Module._load (node:internal/modules/cjs/loader:1096:12)
    at Module.require (node:internal/modules/cjs/loader:1298:19)
[2025-06-12 20:58:03] [31merror[39m: Error: Cannot find module 'hpp'
Require stack:
- D:\test project 3\online-literacy-platform\backend\app.js
- D:\test project 3\online-literacy-platform\backend\server.js
    at Module._resolveFilename (node:internal/modules/cjs/loader:1212:15)
    at Module._load (node:internal/modules/cjs/loader:1043:27)
    at Module.require (node:internal/modules/cjs/loader:1298:19)
    at require (node:internal/modules/helpers:182:18)
    at Object.<anonymous> (D:\test project 3\online-literacy-platform\backend\app.js:13:13)
    at Module._compile (node:internal/modules/cjs/loader:1529:14)
    at Module._extensions..js (node:internal/modules/cjs/loader:1613:10)
    at Module.load (node:internal/modules/cjs/loader:1275:32)
    at Module._load (node:internal/modules/cjs/loader:1096:12)
    at Module.require (node:internal/modules/cjs/loader:1298:19)
[2025-06-12 20:58:34] [31merror[39m: Error: Cannot find module 'hpp'
Require stack:
- D:\test project 3\online-literacy-platform\backend\app.js
- D:\test project 3\online-literacy-platform\backend\server.js
    at Module._resolveFilename (node:internal/modules/cjs/loader:1212:15)
    at Module._load (node:internal/modules/cjs/loader:1043:27)
    at Module.require (node:internal/modules/cjs/loader:1298:19)
    at require (node:internal/modules/helpers:182:18)
    at Object.<anonymous> (D:\test project 3\online-literacy-platform\backend\app.js:13:13)
    at Module._compile (node:internal/modules/cjs/loader:1529:14)
    at Module._extensions..js (node:internal/modules/cjs/loader:1613:10)
    at Module.load (node:internal/modules/cjs/loader:1275:32)
    at Module._load (node:internal/modules/cjs/loader:1096:12)
    at Module.require (node:internal/modules/cjs/loader:1298:19)
[2025-06-12 21:01:04] [31merror[39m: Error: Cannot find module 'hpp'
Require stack:
- D:\test project 3\online-literacy-platform\backend\app.js
- D:\test project 3\online-literacy-platform\backend\server.js
    at Module._resolveFilename (node:internal/modules/cjs/loader:1212:15)
    at Module._load (node:internal/modules/cjs/loader:1043:27)
    at Module.require (node:internal/modules/cjs/loader:1298:19)
    at require (node:internal/modules/helpers:182:18)
    at Object.<anonymous> (D:\test project 3\online-literacy-platform\backend\app.js:13:13)
    at Module._compile (node:internal/modules/cjs/loader:1529:14)
    at Module._extensions..js (node:internal/modules/cjs/loader:1613:10)
    at Module.load (node:internal/modules/cjs/loader:1275:32)
    at Module._load (node:internal/modules/cjs/loader:1096:12)
    at Module.require (node:internal/modules/cjs/loader:1298:19)
[2025-06-12 21:02:30] [31merror[39m: Error: Cannot find module 'hpp'
Require stack:
- D:\test project 3\online-literacy-platform\backend\app.js
- D:\test project 3\online-literacy-platform\backend\server.js
    at Module._resolveFilename (node:internal/modules/cjs/loader:1212:15)
    at Module._load (node:internal/modules/cjs/loader:1043:27)
    at Module.require (node:internal/modules/cjs/loader:1298:19)
    at require (node:internal/modules/helpers:182:18)
    at Object.<anonymous> (D:\test project 3\online-literacy-platform\backend\app.js:13:13)
    at Module._compile (node:internal/modules/cjs/loader:1529:14)
    at Module._extensions..js (node:internal/modules/cjs/loader:1613:10)
    at Module.load (node:internal/modules/cjs/loader:1275:32)
    at Module._load (node:internal/modules/cjs/loader:1096:12)
    at Module.require (node:internal/modules/cjs/loader:1298:19)
[2025-06-12 21:04:42] [31merror[39m: Error: Cannot find module 'cookie-parser'
Require stack:
- D:\test project 3\online-literacy-platform\backend\app.js
- D:\test project 3\online-literacy-platform\backend\server.js
    at Module._resolveFilename (node:internal/modules/cjs/loader:1212:15)
    at Module._load (node:internal/modules/cjs/loader:1043:27)
    at Module.require (node:internal/modules/cjs/loader:1298:19)
    at require (node:internal/modules/helpers:182:18)
    at Object.<anonymous> (D:\test project 3\online-literacy-platform\backend\app.js:15:22)
    at Module._compile (node:internal/modules/cjs/loader:1529:14)
    at Module._extensions..js (node:internal/modules/cjs/loader:1613:10)
    at Module.load (node:internal/modules/cjs/loader:1275:32)
    at Module._load (node:internal/modules/cjs/loader:1096:12)
    at Module.require (node:internal/modules/cjs/loader:1298:19)
[2025-06-12 21:05:55] [31merror[39m: Error: Cannot find module 'hpp'
Require stack:
- D:\test project 3\online-literacy-platform\backend\app.js
- D:\test project 3\online-literacy-platform\backend\server.js
    at Module._resolveFilename (node:internal/modules/cjs/loader:1212:15)
    at Module._load (node:internal/modules/cjs/loader:1043:27)
    at Module.require (node:internal/modules/cjs/loader:1298:19)
    at require (node:internal/modules/helpers:182:18)
    at Object.<anonymous> (D:\test project 3\online-literacy-platform\backend\app.js:13:13)
    at Module._compile (node:internal/modules/cjs/loader:1529:14)
    at Module._extensions..js (node:internal/modules/cjs/loader:1613:10)
    at Module.load (node:internal/modules/cjs/loader:1275:32)
    at Module._load (node:internal/modules/cjs/loader:1096:12)
    at Module.require (node:internal/modules/cjs/loader:1298:19)
[2025-06-12 21:08:27] [31merror[39m: Error: Cannot find module 'hpp'
Require stack:
- D:\test project 3\online-literacy-platform\backend\app.js
- D:\test project 3\online-literacy-platform\backend\server.js
    at Module._resolveFilename (node:internal/modules/cjs/loader:1212:15)
    at Module._load (node:internal/modules/cjs/loader:1043:27)
    at Module.require (node:internal/modules/cjs/loader:1298:19)
    at require (node:internal/modules/helpers:182:18)
    at Object.<anonymous> (D:\test project 3\online-literacy-platform\backend\app.js:13:13)
    at Module._compile (node:internal/modules/cjs/loader:1529:14)
    at Module._extensions..js (node:internal/modules/cjs/loader:1613:10)
    at Module.load (node:internal/modules/cjs/loader:1275:32)
    at Module._load (node:internal/modules/cjs/loader:1096:12)
    at Module.require (node:internal/modules/cjs/loader:1298:19)
[2025-06-12 21:12:07] [31merror[39m: Error: Cannot find module 'hpp'
Require stack:
- D:\test project 3\online-literacy-platform\backend\app.js
- D:\test project 3\online-literacy-platform\backend\server.js
    at Module._resolveFilename (node:internal/modules/cjs/loader:1212:15)
    at Module._load (node:internal/modules/cjs/loader:1043:27)
    at Module.require (node:internal/modules/cjs/loader:1298:19)
    at require (node:internal/modules/helpers:182:18)
    at Object.<anonymous> (D:\test project 3\online-literacy-platform\backend\app.js:13:13)
    at Module._compile (node:internal/modules/cjs/loader:1529:14)
    at Module._extensions..js (node:internal/modules/cjs/loader:1613:10)
    at Module.load (node:internal/modules/cjs/loader:1275:32)
    at Module._load (node:internal/modules/cjs/loader:1096:12)
    at Module.require (node:internal/modules/cjs/loader:1298:19)
[2025-06-12 21:19:19] [31merror[39m: Error: Cannot find module 'hpp'
Require stack:
- D:\test project 3\online-literacy-platform\backend\app.js
- D:\test project 3\online-literacy-platform\backend\server.js
    at Module._resolveFilename (node:internal/modules/cjs/loader:1212:15)
    at Module._load (node:internal/modules/cjs/loader:1043:27)
    at Module.require (node:internal/modules/cjs/loader:1298:19)
    at require (node:internal/modules/helpers:182:18)
    at Object.<anonymous> (D:\test project 3\online-literacy-platform\backend\app.js:13:13)
    at Module._compile (node:internal/modules/cjs/loader:1529:14)
    at Module._extensions..js (node:internal/modules/cjs/loader:1613:10)
    at Module.load (node:internal/modules/cjs/loader:1275:32)
    at Module._load (node:internal/modules/cjs/loader:1096:12)
    at Module.require (node:internal/modules/cjs/loader:1298:19)
[2025-06-12 21:19:29] [31merror[39m: Error: Cannot find module 'hpp'
Require stack:
- D:\test project 3\online-literacy-platform\backend\app.js
- D:\test project 3\online-literacy-platform\backend\server.js
    at Module._resolveFilename (node:internal/modules/cjs/loader:1212:15)
    at Module._load (node:internal/modules/cjs/loader:1043:27)
    at Module.require (node:internal/modules/cjs/loader:1298:19)
    at require (node:internal/modules/helpers:182:18)
    at Object.<anonymous> (D:\test project 3\online-literacy-platform\backend\app.js:13:13)
    at Module._compile (node:internal/modules/cjs/loader:1529:14)
    at Module._extensions..js (node:internal/modules/cjs/loader:1613:10)
    at Module.load (node:internal/modules/cjs/loader:1275:32)
    at Module._load (node:internal/modules/cjs/loader:1096:12)
    at Module.require (node:internal/modules/cjs/loader:1298:19)
[2025-06-12 21:25:48] [31merror[39m: Error: Cannot find module 'hpp'
Require stack:
- D:\test project 3\online-literacy-platform\backend\app.js
- D:\test project 3\online-literacy-platform\backend\server.js
    at Module._resolveFilename (node:internal/modules/cjs/loader:1212:15)
    at Module._load (node:internal/modules/cjs/loader:1043:27)
    at Module.require (node:internal/modules/cjs/loader:1298:19)
    at require (node:internal/modules/helpers:182:18)
    at Object.<anonymous> (D:\test project 3\online-literacy-platform\backend\app.js:13:13)
    at Module._compile (node:internal/modules/cjs/loader:1529:14)
    at Module._extensions..js (node:internal/modules/cjs/loader:1613:10)
    at Module.load (node:internal/modules/cjs/loader:1275:32)
    at Module._load (node:internal/modules/cjs/loader:1096:12)
    at Module.require (node:internal/modules/cjs/loader:1298:19)
[2025-06-12 21:37:15] [31merror[39m: Error: Cannot find module 'hpp'
Require stack:
- D:\test project 3\online-literacy-platform\backend\app.js
- D:\test project 3\online-literacy-platform\backend\server.js
    at Module._resolveFilename (node:internal/modules/cjs/loader:1212:15)
    at Module._load (node:internal/modules/cjs/loader:1043:27)
    at Module.require (node:internal/modules/cjs/loader:1298:19)
    at require (node:internal/modules/helpers:182:18)
    at Object.<anonymous> (D:\test project 3\online-literacy-platform\backend\app.js:13:13)
    at Module._compile (node:internal/modules/cjs/loader:1529:14)
    at Module._extensions..js (node:internal/modules/cjs/loader:1613:10)
    at Module.load (node:internal/modules/cjs/loader:1275:32)
    at Module._load (node:internal/modules/cjs/loader:1096:12)
    at Module.require (node:internal/modules/cjs/loader:1298:19)
[2025-06-12 21:38:25] [31merror[39m: Error: Cannot find module 'hpp'
Require stack:
- D:\test project 3\online-literacy-platform\backend\app.js
- D:\test project 3\online-literacy-platform\backend\server.js
    at Module._resolveFilename (node:internal/modules/cjs/loader:1212:15)
    at Module._load (node:internal/modules/cjs/loader:1043:27)
    at Module.require (node:internal/modules/cjs/loader:1298:19)
    at require (node:internal/modules/helpers:182:18)
    at Object.<anonymous> (D:\test project 3\online-literacy-platform\backend\app.js:13:13)
    at Module._compile (node:internal/modules/cjs/loader:1529:14)
    at Module._extensions..js (node:internal/modules/cjs/loader:1613:10)
    at Module.load (node:internal/modules/cjs/loader:1275:32)
    at Module._load (node:internal/modules/cjs/loader:1096:12)
    at Module.require (node:internal/modules/cjs/loader:1298:19)
[2025-06-12 21:39:58] [31merror[39m: Error: Cannot find module 'hpp'
Require stack:
- D:\test project 3\online-literacy-platform\backend\app.js
- D:\test project 3\online-literacy-platform\backend\server.js
    at Module._resolveFilename (node:internal/modules/cjs/loader:1212:15)
    at Module._load (node:internal/modules/cjs/loader:1043:27)
    at Module.require (node:internal/modules/cjs/loader:1298:19)
    at require (node:internal/modules/helpers:182:18)
    at Object.<anonymous> (D:\test project 3\online-literacy-platform\backend\app.js:13:13)
    at Module._compile (node:internal/modules/cjs/loader:1529:14)
    at Module._extensions..js (node:internal/modules/cjs/loader:1613:10)
    at Module.load (node:internal/modules/cjs/loader:1275:32)
    at Module._load (node:internal/modules/cjs/loader:1096:12)
    at Module.require (node:internal/modules/cjs/loader:1298:19)
[2025-06-12 22:04:24] [31merror[39m: ReferenceError: Cannot access 'app' before initialization
    at Object.<anonymous> (D:\test project 3\online-literacy-platform\backend\app.js:29:1)
    at Module._compile (node:internal/modules/cjs/loader:1529:14)
    at Module._extensions..js (node:internal/modules/cjs/loader:1613:10)
    at Module.load (node:internal/modules/cjs/loader:1275:32)
    at Module._load (node:internal/modules/cjs/loader:1096:12)
    at Module.require (node:internal/modules/cjs/loader:1298:19)
    at require (node:internal/modules/helpers:182:18)
    at Object.<anonymous> (D:\test project 3\online-literacy-platform\backend\server.js:5:13)
    at Module._compile (node:internal/modules/cjs/loader:1529:14)
    at Module._extensions..js (node:internal/modules/cjs/loader:1613:10)
[2025-06-12 22:04:24] [31merror[39m: ReferenceError: Cannot access 'app' before initialization
    at Object.<anonymous> (D:\test project 3\online-literacy-platform\backend\app.js:29:1)
    at Module._compile (node:internal/modules/cjs/loader:1529:14)
    at Module._extensions..js (node:internal/modules/cjs/loader:1613:10)
    at Module.load (node:internal/modules/cjs/loader:1275:32)
    at Module._load (node:internal/modules/cjs/loader:1096:12)
    at Module.require (node:internal/modules/cjs/loader:1298:19)
    at require (node:internal/modules/helpers:182:18)
    at Object.<anonymous> (D:\test project 3\online-literacy-platform\backend\server.js:5:13)
    at Module._compile (node:internal/modules/cjs/loader:1529:14)
    at Module._extensions..js (node:internal/modules/cjs/loader:1613:10)
[2025-06-12 22:04:39] [31merror[39m: ReferenceError: Cannot access 'app' before initialization
    at Object.<anonymous> (D:\test project 3\online-literacy-platform\backend\app.js:29:1)
    at Module._compile (node:internal/modules/cjs/loader:1529:14)
    at Module._extensions..js (node:internal/modules/cjs/loader:1613:10)
    at Module.load (node:internal/modules/cjs/loader:1275:32)
    at Module._load (node:internal/modules/cjs/loader:1096:12)
    at Module.require (node:internal/modules/cjs/loader:1298:19)
    at require (node:internal/modules/helpers:182:18)
    at Object.<anonymous> (D:\test project 3\online-literacy-platform\backend\server.js:5:13)
    at Module._compile (node:internal/modules/cjs/loader:1529:14)
    at Module._extensions..js (node:internal/modules/cjs/loader:1613:10)
[2025-06-12 22:04:39] [31merror[39m: ReferenceError: Cannot access 'app' before initialization
    at Object.<anonymous> (D:\test project 3\online-literacy-platform\backend\app.js:29:1)
    at Module._compile (node:internal/modules/cjs/loader:1529:14)
    at Module._extensions..js (node:internal/modules/cjs/loader:1613:10)
    at Module.load (node:internal/modules/cjs/loader:1275:32)
    at Module._load (node:internal/modules/cjs/loader:1096:12)
    at Module.require (node:internal/modules/cjs/loader:1298:19)
    at require (node:internal/modules/helpers:182:18)
    at Object.<anonymous> (D:\test project 3\online-literacy-platform\backend\server.js:5:13)
    at Module._compile (node:internal/modules/cjs/loader:1529:14)
    at Module._extensions..js (node:internal/modules/cjs/loader:1613:10)
[2025-06-12 22:04:45] [31merror[39m: ReferenceError: Cannot access 'app' before initialization
    at Object.<anonymous> (D:\test project 3\online-literacy-platform\backend\app.js:29:1)
    at Module._compile (node:internal/modules/cjs/loader:1529:14)
    at Module._extensions..js (node:internal/modules/cjs/loader:1613:10)
    at Module.load (node:internal/modules/cjs/loader:1275:32)
    at Module._load (node:internal/modules/cjs/loader:1096:12)
    at Module.require (node:internal/modules/cjs/loader:1298:19)
    at require (node:internal/modules/helpers:182:18)
    at Object.<anonymous> (D:\test project 3\online-literacy-platform\backend\server.js:5:13)
    at Module._compile (node:internal/modules/cjs/loader:1529:14)
    at Module._extensions..js (node:internal/modules/cjs/loader:1613:10)
[2025-06-12 22:04:45] [31merror[39m: ReferenceError: Cannot access 'app' before initialization
    at Object.<anonymous> (D:\test project 3\online-literacy-platform\backend\app.js:29:1)
    at Module._compile (node:internal/modules/cjs/loader:1529:14)
    at Module._extensions..js (node:internal/modules/cjs/loader:1613:10)
    at Module.load (node:internal/modules/cjs/loader:1275:32)
    at Module._load (node:internal/modules/cjs/loader:1096:12)
    at Module.require (node:internal/modules/cjs/loader:1298:19)
    at require (node:internal/modules/helpers:182:18)
    at Object.<anonymous> (D:\test project 3\online-literacy-platform\backend\server.js:5:13)
    at Module._compile (node:internal/modules/cjs/loader:1529:14)
    at Module._extensions..js (node:internal/modules/cjs/loader:1613:10)
[2025-06-12 22:08:18] [31merror[39m: ReferenceError: Cannot access 'app' before initialization
    at Object.<anonymous> (D:\test project 3\online-literacy-platform\backend\app.js:29:1)
    at Module._compile (node:internal/modules/cjs/loader:1529:14)
    at Module._extensions..js (node:internal/modules/cjs/loader:1613:10)
    at Module.load (node:internal/modules/cjs/loader:1275:32)
    at Module._load (node:internal/modules/cjs/loader:1096:12)
    at Module.require (node:internal/modules/cjs/loader:1298:19)
    at require (node:internal/modules/helpers:182:18)
    at Object.<anonymous> (D:\test project 3\online-literacy-platform\backend\server.js:5:13)
    at Module._compile (node:internal/modules/cjs/loader:1529:14)
    at Module._extensions..js (node:internal/modules/cjs/loader:1613:10)
[2025-06-12 22:08:18] [31merror[39m: ReferenceError: Cannot access 'app' before initialization
    at Object.<anonymous> (D:\test project 3\online-literacy-platform\backend\app.js:29:1)
    at Module._compile (node:internal/modules/cjs/loader:1529:14)
    at Module._extensions..js (node:internal/modules/cjs/loader:1613:10)
    at Module.load (node:internal/modules/cjs/loader:1275:32)
    at Module._load (node:internal/modules/cjs/loader:1096:12)
    at Module.require (node:internal/modules/cjs/loader:1298:19)
    at require (node:internal/modules/helpers:182:18)
    at Object.<anonymous> (D:\test project 3\online-literacy-platform\backend\server.js:5:13)
    at Module._compile (node:internal/modules/cjs/loader:1529:14)
    at Module._extensions..js (node:internal/modules/cjs/loader:1613:10)
[2025-06-12 22:11:39] [31merror[39m: ReferenceError: Cannot access 'app' before initialization
    at Object.<anonymous> (D:\test project 3\online-literacy-platform\backend\app.js:29:1)
    at Module._compile (node:internal/modules/cjs/loader:1529:14)
    at Module._extensions..js (node:internal/modules/cjs/loader:1613:10)
    at Module.load (node:internal/modules/cjs/loader:1275:32)
    at Module._load (node:internal/modules/cjs/loader:1096:12)
    at Module.require (node:internal/modules/cjs/loader:1298:19)
    at require (node:internal/modules/helpers:182:18)
    at Object.<anonymous> (D:\test project 3\online-literacy-platform\backend\server.js:5:13)
    at Module._compile (node:internal/modules/cjs/loader:1529:14)
    at Module._extensions..js (node:internal/modules/cjs/loader:1613:10)
[2025-06-12 22:13:11] [31merror[39m: ReferenceError: Cannot access 'app' before initialization
    at Object.<anonymous> (D:\test project 3\online-literacy-platform\backend\app.js:29:1)
    at Module._compile (node:internal/modules/cjs/loader:1529:14)
    at Module._extensions..js (node:internal/modules/cjs/loader:1613:10)
    at Module.load (node:internal/modules/cjs/loader:1275:32)
    at Module._load (node:internal/modules/cjs/loader:1096:12)
    at Module.require (node:internal/modules/cjs/loader:1298:19)
    at require (node:internal/modules/helpers:182:18)
    at Object.<anonymous> (D:\test project 3\online-literacy-platform\backend\server.js:5:13)
    at Module._compile (node:internal/modules/cjs/loader:1529:14)
    at Module._extensions..js (node:internal/modules/cjs/loader:1613:10)
[2025-06-12 22:13:11] [31merror[39m: ReferenceError: Cannot access 'app' before initialization
    at Object.<anonymous> (D:\test project 3\online-literacy-platform\backend\app.js:29:1)
    at Module._compile (node:internal/modules/cjs/loader:1529:14)
    at Module._extensions..js (node:internal/modules/cjs/loader:1613:10)
    at Module.load (node:internal/modules/cjs/loader:1275:32)
    at Module._load (node:internal/modules/cjs/loader:1096:12)
    at Module.require (node:internal/modules/cjs/loader:1298:19)
    at require (node:internal/modules/helpers:182:18)
    at Object.<anonymous> (D:\test project 3\online-literacy-platform\backend\server.js:5:13)
    at Module._compile (node:internal/modules/cjs/loader:1529:14)
    at Module._extensions..js (node:internal/modules/cjs/loader:1613:10)
[2025-06-12 22:21:08] [31merror[39m: ReferenceError: Cannot access 'app' before initialization
    at Object.<anonymous> (D:\test project 3\online-literacy-platform\backend\app.js:29:1)
    at Module._compile (node:internal/modules/cjs/loader:1529:14)
    at Module._extensions..js (node:internal/modules/cjs/loader:1613:10)
    at Module.load (node:internal/modules/cjs/loader:1275:32)
    at Module._load (node:internal/modules/cjs/loader:1096:12)
    at Module.require (node:internal/modules/cjs/loader:1298:19)
    at require (node:internal/modules/helpers:182:18)
    at Object.<anonymous> (D:\test project 3\online-literacy-platform\backend\server.js:5:13)
    at Module._compile (node:internal/modules/cjs/loader:1529:14)
    at Module._extensions..js (node:internal/modules/cjs/loader:1613:10)
[2025-06-12 22:22:55] [31merror[39m: ReferenceError: Cannot access 'app' before initialization
    at Object.<anonymous> (D:\test project 3\online-literacy-platform\backend\app.js:29:1)
    at Module._compile (node:internal/modules/cjs/loader:1529:14)
    at Module._extensions..js (node:internal/modules/cjs/loader:1613:10)
    at Module.load (node:internal/modules/cjs/loader:1275:32)
    at Module._load (node:internal/modules/cjs/loader:1096:12)
    at Module.require (node:internal/modules/cjs/loader:1298:19)
    at require (node:internal/modules/helpers:182:18)
    at Object.<anonymous> (D:\test project 3\online-literacy-platform\backend\server.js:5:13)
    at Module._compile (node:internal/modules/cjs/loader:1529:14)
    at Module._extensions..js (node:internal/modules/cjs/loader:1613:10)
[2025-06-12 22:23:36] [31merror[39m: ReferenceError: Cannot access 'app' before initialization
    at Object.<anonymous> (D:\test project 3\online-literacy-platform\backend\app.js:29:1)
    at Module._compile (node:internal/modules/cjs/loader:1529:14)
    at Module._extensions..js (node:internal/modules/cjs/loader:1613:10)
    at Module.load (node:internal/modules/cjs/loader:1275:32)
    at Module._load (node:internal/modules/cjs/loader:1096:12)
    at Module.require (node:internal/modules/cjs/loader:1298:19)
    at require (node:internal/modules/helpers:182:18)
    at Object.<anonymous> (D:\test project 3\online-literacy-platform\backend\server.js:5:13)
    at Module._compile (node:internal/modules/cjs/loader:1529:14)
    at Module._extensions..js (node:internal/modules/cjs/loader:1613:10)
[2025-06-12 22:33:22] [31merror[39m: ReferenceError: Cannot access 'app' before initialization
    at Object.<anonymous> (D:\test project 3\online-literacy-platform\backend\app.js:29:1)
    at Module._compile (node:internal/modules/cjs/loader:1529:14)
    at Module._extensions..js (node:internal/modules/cjs/loader:1613:10)
    at Module.load (node:internal/modules/cjs/loader:1275:32)
    at Module._load (node:internal/modules/cjs/loader:1096:12)
    at Module.require (node:internal/modules/cjs/loader:1298:19)
    at require (node:internal/modules/helpers:182:18)
    at Object.<anonymous> (D:\test project 3\online-literacy-platform\backend\server.js:5:13)
    at Module._compile (node:internal/modules/cjs/loader:1529:14)
    at Module._extensions..js (node:internal/modules/cjs/loader:1613:10)
[2025-06-13 00:06:36] [31merror[39m: ReferenceError: Cannot access 'app' before initialization
    at Object.<anonymous> (D:\test project 3\online-literacy-platform\backend\app.js:29:1)
    at Module._compile (node:internal/modules/cjs/loader:1529:14)
    at Module._extensions..js (node:internal/modules/cjs/loader:1613:10)
    at Module.load (node:internal/modules/cjs/loader:1275:32)
    at Module._load (node:internal/modules/cjs/loader:1096:12)
    at Module.require (node:internal/modules/cjs/loader:1298:19)
    at require (node:internal/modules/helpers:182:18)
    at Object.<anonymous> (D:\test project 3\online-literacy-platform\backend\server.js:5:13)
    at Module._compile (node:internal/modules/cjs/loader:1529:14)
    at Module._extensions..js (node:internal/modules/cjs/loader:1613:10)
[2025-06-13 00:12:31] [31merror[39m: ReferenceError: Cannot access 'app' before initialization
    at Object.<anonymous> (D:\test project 3\online-literacy-platform\backend\app.js:29:1)
    at Module._compile (node:internal/modules/cjs/loader:1529:14)
    at Module._extensions..js (node:internal/modules/cjs/loader:1613:10)
    at Module.load (node:internal/modules/cjs/loader:1275:32)
    at Module._load (node:internal/modules/cjs/loader:1096:12)
    at Module.require (node:internal/modules/cjs/loader:1298:19)
    at require (node:internal/modules/helpers:182:18)
    at Object.<anonymous> (D:\test project 3\online-literacy-platform\backend\server.js:5:13)
    at Module._compile (node:internal/modules/cjs/loader:1529:14)
    at Module._extensions..js (node:internal/modules/cjs/loader:1613:10)
[2025-06-13 00:15:02] [31merror[39m: ReferenceError: Cannot access 'app' before initialization
    at Object.<anonymous> (D:\test project 3\online-literacy-platform\backend\app.js:29:1)
    at Module._compile (node:internal/modules/cjs/loader:1529:14)
    at Module._extensions..js (node:internal/modules/cjs/loader:1613:10)
    at Module.load (node:internal/modules/cjs/loader:1275:32)
    at Module._load (node:internal/modules/cjs/loader:1096:12)
    at Module.require (node:internal/modules/cjs/loader:1298:19)
    at require (node:internal/modules/helpers:182:18)
    at Object.<anonymous> (D:\test project 3\online-literacy-platform\backend\server.js:5:13)
    at Module._compile (node:internal/modules/cjs/loader:1529:14)
    at Module._extensions..js (node:internal/modules/cjs/loader:1613:10)
[2025-06-13 00:15:08] [31merror[39m: ReferenceError: Cannot access 'app' before initialization
    at Object.<anonymous> (D:\test project 3\online-literacy-platform\backend\app.js:29:1)
    at Module._compile (node:internal/modules/cjs/loader:1529:14)
    at Module._extensions..js (node:internal/modules/cjs/loader:1613:10)
    at Module.load (node:internal/modules/cjs/loader:1275:32)
    at Module._load (node:internal/modules/cjs/loader:1096:12)
    at Module.require (node:internal/modules/cjs/loader:1298:19)
    at require (node:internal/modules/helpers:182:18)
    at Object.<anonymous> (D:\test project 3\online-literacy-platform\backend\server.js:5:13)
    at Module._compile (node:internal/modules/cjs/loader:1529:14)
    at Module._extensions..js (node:internal/modules/cjs/loader:1613:10)
[2025-06-13 00:16:16] [31merror[39m: ReferenceError: Cannot access 'app' before initialization
    at Object.<anonymous> (D:\test project 3\online-literacy-platform\backend\app.js:29:1)
    at Module._compile (node:internal/modules/cjs/loader:1529:14)
    at Module._extensions..js (node:internal/modules/cjs/loader:1613:10)
    at Module.load (node:internal/modules/cjs/loader:1275:32)
    at Module._load (node:internal/modules/cjs/loader:1096:12)
    at Module.require (node:internal/modules/cjs/loader:1298:19)
    at require (node:internal/modules/helpers:182:18)
    at Object.<anonymous> (D:\test project 3\online-literacy-platform\backend\server.js:5:13)
    at Module._compile (node:internal/modules/cjs/loader:1529:14)
    at Module._extensions..js (node:internal/modules/cjs/loader:1613:10)
[2025-06-13 00:16:31] [31merror[39m: ReferenceError: Cannot access 'app' before initialization
    at Object.<anonymous> (D:\test project 3\online-literacy-platform\backend\app.js:29:1)
    at Module._compile (node:internal/modules/cjs/loader:1529:14)
    at Module._extensions..js (node:internal/modules/cjs/loader:1613:10)
    at Module.load (node:internal/modules/cjs/loader:1275:32)
    at Module._load (node:internal/modules/cjs/loader:1096:12)
    at Module.require (node:internal/modules/cjs/loader:1298:19)
    at require (node:internal/modules/helpers:182:18)
    at Object.<anonymous> (D:\test project 3\online-literacy-platform\backend\server.js:5:13)
    at Module._compile (node:internal/modules/cjs/loader:1529:14)
    at Module._extensions..js (node:internal/modules/cjs/loader:1613:10)
